<?xml version="1.0" encoding="UTF-8"?>
<!-- Generated by org.testng.reporters.JUnitXMLReporter -->
<testsuite ignored="0" hostname="HP-ARIFINTAHU" failures="0" tests="7" name="Default test" time="24.982" errors="0" timestamp="23 Jun 2022 20:06:46 GMT">
  <testcase classname="sircloproject.qa2022.WebTestAfterPOM" name="testData" time="2.773"/>
  <testcase classname="sircloproject.qa2022.WebTestAfterPOM" name="testFilter" time="2.477"/>
  <testcase classname="sircloproject.qa2022.WebTestAfterPOM" name="testLogOut" time="2.735"/>
  <testcase classname="sircloproject.qa2022.WebTestAfterPOM" name="testLogin" time="2.162"/>
  <testcase classname="sircloproject.qa2022.WebTestAfterPOM" name="testLoginInvalidUsernameAndInvalidPassword" time="1.06"/>
  <testcase classname="sircloproject.qa2022.WebTestAfterPOM" name="testLoginInvalidUsernameAndValidPassword" time="1.339"/>
  <testcase classname="sircloproject.qa2022.WebTestAfterPOM" name="testLoginValidUsernameAndInvalidPassword" time="1.691"/>
</testsuite> <!-- Default test -->
