<?xml version="1.0" encoding="UTF-8"?>
<!-- Generated by org.testng.reporters.JUnitXMLReporter -->
<testsuite ignored="0" hostname="HP-ARIFINTAHU" failures="0" tests="7" name="Default test" time="16.361" errors="0" timestamp="23 Jun 2022 21:23:44 GMT">
  <testcase classname="sircloproject.qa2022.WebTestAfterPOM" name="testData" time="1.331"/>
  <testcase classname="sircloproject.qa2022.WebTestAfterPOM" name="testFilter" time="1.401"/>
  <testcase classname="sircloproject.qa2022.WebTestAfterPOM" name="testLogOut" time="1.603"/>
  <testcase classname="sircloproject.qa2022.WebTestAfterPOM" name="testLogin" time="0.945"/>
  <testcase classname="sircloproject.qa2022.WebTestAfterPOM" name="testLoginInvalidUsernameAndInvalidPassword" time="0.989"/>
  <testcase classname="sircloproject.qa2022.WebTestAfterPOM" name="testLoginInvalidUsernameAndValidPassword" time="0.913"/>
  <testcase classname="sircloproject.qa2022.WebTestAfterPOM" name="testLoginValidUsernameAndInvalidPassword" time="0.816"/>
</testsuite> <!-- Default test -->
