<?xml version="1.0" encoding="UTF-8"?>
<testng-results ignored="0" total="1" passed="1" failed="0" skipped="0">
  <reporter-output>
  </reporter-output>
  <suite started-at="2022-06-30T06:18:26Z" name="Surefire suite" finished-at="2022-06-30T06:18:26Z" duration-ms="292">
    <groups>
    </groups>
    <test started-at="2022-06-30T06:18:26Z" name="Surefire test" finished-at="2022-06-30T06:18:26Z" duration-ms="292">
      <class name="sircloproject.qa2022.AppTest">
        <test-method signature="shouldAnswerWithTrue()[pri:0, instance:sircloproject.qa2022.AppTest@7eecb5b8]" started-at="2022-06-30T06:18:26Z" name="shouldAnswerWithTrue" finished-at="2022-06-30T06:18:26Z" duration-ms="139" status="PASS">
          <reporter-output>
          </reporter-output>
        </test-method> <!-- shouldAnswerWithTrue -->
      </class> <!-- sircloproject.qa2022.AppTest -->
    </test> <!-- Surefire test -->
  </suite> <!-- Surefire suite -->
</testng-results>
