<?xml version="1.0" encoding="UTF-8"?>
<testng-results ignored="0" total="7" passed="7" failed="0" skipped="0">
  <reporter-output>
  </reporter-output>
  <suite started-at="2022-06-23T20:06:21Z" name="Default suite" finished-at="2022-06-23T20:06:46Z" duration-ms="24982">
    <groups>
    </groups>
    <test started-at="2022-06-23T20:06:21Z" name="Default test" finished-at="2022-06-23T20:06:46Z" duration-ms="24982">
      <class name="sircloproject.qa2022.WebTestAfterPOM">
        <test-method is-config="true" signature="setUp()[pri:0, instance:sircloproject.qa2022.WebTestAfterPOM@590c73d3]" started-at="2022-06-23T20:06:21Z" name="setUp" finished-at="2022-06-23T20:06:23Z" duration-ms="2226" status="PASS">
          <reporter-output>
          </reporter-output>
        </test-method> <!-- setUp -->
        <test-method signature="testData()[pri:0, instance:sircloproject.qa2022.WebTestAfterPOM@590c73d3]" started-at="2022-06-23T20:06:23Z" name="testData" finished-at="2022-06-23T20:06:26Z" duration-ms="2773" status="PASS">
          <reporter-output>
          </reporter-output>
        </test-method> <!-- testData -->
        <test-method is-config="true" signature="tearDown()[pri:0, instance:sircloproject.qa2022.WebTestAfterPOM@590c73d3]" started-at="2022-06-23T20:06:26Z" name="tearDown" finished-at="2022-06-23T20:06:26Z" duration-ms="156" status="PASS">
          <reporter-output>
          </reporter-output>
        </test-method> <!-- tearDown -->
        <test-method is-config="true" signature="setUp()[pri:0, instance:sircloproject.qa2022.WebTestAfterPOM@590c73d3]" started-at="2022-06-23T20:06:26Z" name="setUp" finished-at="2022-06-23T20:06:27Z" duration-ms="1121" status="PASS">
          <reporter-output>
          </reporter-output>
        </test-method> <!-- setUp -->
        <test-method signature="testFilter()[pri:0, instance:sircloproject.qa2022.WebTestAfterPOM@590c73d3]" started-at="2022-06-23T20:06:27Z" name="testFilter" finished-at="2022-06-23T20:06:30Z" duration-ms="2477" status="PASS">
          <reporter-output>
          </reporter-output>
        </test-method> <!-- testFilter -->
        <test-method is-config="true" signature="tearDown()[pri:0, instance:sircloproject.qa2022.WebTestAfterPOM@590c73d3]" started-at="2022-06-23T20:06:30Z" name="tearDown" finished-at="2022-06-23T20:06:30Z" duration-ms="199" status="PASS">
          <reporter-output>
          </reporter-output>
        </test-method> <!-- tearDown -->
        <test-method is-config="true" signature="setUp()[pri:0, instance:sircloproject.qa2022.WebTestAfterPOM@590c73d3]" started-at="2022-06-23T20:06:30Z" name="setUp" finished-at="2022-06-23T20:06:31Z" duration-ms="1141" status="PASS">
          <reporter-output>
          </reporter-output>
        </test-method> <!-- setUp -->
        <test-method signature="testLogOut()[pri:0, instance:sircloproject.qa2022.WebTestAfterPOM@590c73d3]" started-at="2022-06-23T20:06:31Z" name="testLogOut" finished-at="2022-06-23T20:06:34Z" duration-ms="2735" status="PASS">
          <reporter-output>
          </reporter-output>
        </test-method> <!-- testLogOut -->
        <test-method is-config="true" signature="tearDown()[pri:0, instance:sircloproject.qa2022.WebTestAfterPOM@590c73d3]" started-at="2022-06-23T20:06:34Z" name="tearDown" finished-at="2022-06-23T20:06:34Z" duration-ms="136" status="PASS">
          <reporter-output>
          </reporter-output>
        </test-method> <!-- tearDown -->
        <test-method is-config="true" signature="setUp()[pri:0, instance:sircloproject.qa2022.WebTestAfterPOM@590c73d3]" started-at="2022-06-23T20:06:34Z" name="setUp" finished-at="2022-06-23T20:06:35Z" duration-ms="1165" status="PASS">
          <reporter-output>
          </reporter-output>
        </test-method> <!-- setUp -->
        <test-method signature="testLogin()[pri:0, instance:sircloproject.qa2022.WebTestAfterPOM@590c73d3]" started-at="2022-06-23T20:06:35Z" name="testLogin" finished-at="2022-06-23T20:06:37Z" duration-ms="2162" status="PASS">
          <reporter-output>
          </reporter-output>
        </test-method> <!-- testLogin -->
        <test-method is-config="true" signature="tearDown()[pri:0, instance:sircloproject.qa2022.WebTestAfterPOM@590c73d3]" started-at="2022-06-23T20:06:37Z" name="tearDown" finished-at="2022-06-23T20:06:38Z" duration-ms="171" status="PASS">
          <reporter-output>
          </reporter-output>
        </test-method> <!-- tearDown -->
        <test-method is-config="true" signature="setUp()[pri:0, instance:sircloproject.qa2022.WebTestAfterPOM@590c73d3]" started-at="2022-06-23T20:06:38Z" name="setUp" finished-at="2022-06-23T20:06:39Z" duration-ms="1227" status="PASS">
          <reporter-output>
          </reporter-output>
        </test-method> <!-- setUp -->
        <test-method signature="testLoginInvalidUsernameAndInvalidPassword()[pri:0, instance:sircloproject.qa2022.WebTestAfterPOM@590c73d3]" started-at="2022-06-23T20:06:39Z" name="testLoginInvalidUsernameAndInvalidPassword" finished-at="2022-06-23T20:06:40Z" duration-ms="1060" status="PASS">
          <reporter-output>
          </reporter-output>
        </test-method> <!-- testLoginInvalidUsernameAndInvalidPassword -->
        <test-method is-config="true" signature="tearDown()[pri:0, instance:sircloproject.qa2022.WebTestAfterPOM@590c73d3]" started-at="2022-06-23T20:06:40Z" name="tearDown" finished-at="2022-06-23T20:06:40Z" duration-ms="183" status="PASS">
          <reporter-output>
          </reporter-output>
        </test-method> <!-- tearDown -->
        <test-method is-config="true" signature="setUp()[pri:0, instance:sircloproject.qa2022.WebTestAfterPOM@590c73d3]" started-at="2022-06-23T20:06:40Z" name="setUp" finished-at="2022-06-23T20:06:41Z" duration-ms="1167" status="PASS">
          <reporter-output>
          </reporter-output>
        </test-method> <!-- setUp -->
        <test-method signature="testLoginInvalidUsernameAndValidPassword()[pri:0, instance:sircloproject.qa2022.WebTestAfterPOM@590c73d3]" started-at="2022-06-23T20:06:41Z" name="testLoginInvalidUsernameAndValidPassword" finished-at="2022-06-23T20:06:43Z" duration-ms="1339" status="PASS">
          <reporter-output>
          </reporter-output>
        </test-method> <!-- testLoginInvalidUsernameAndValidPassword -->
        <test-method is-config="true" signature="tearDown()[pri:0, instance:sircloproject.qa2022.WebTestAfterPOM@590c73d3]" started-at="2022-06-23T20:06:43Z" name="tearDown" finished-at="2022-06-23T20:06:43Z" duration-ms="242" status="PASS">
          <reporter-output>
          </reporter-output>
        </test-method> <!-- tearDown -->
        <test-method is-config="true" signature="setUp()[pri:0, instance:sircloproject.qa2022.WebTestAfterPOM@590c73d3]" started-at="2022-06-23T20:06:43Z" name="setUp" finished-at="2022-06-23T20:06:44Z" duration-ms="1181" status="PASS">
          <reporter-output>
          </reporter-output>
        </test-method> <!-- setUp -->
        <test-method signature="testLoginValidUsernameAndInvalidPassword()[pri:0, instance:sircloproject.qa2022.WebTestAfterPOM@590c73d3]" started-at="2022-06-23T20:06:44Z" name="testLoginValidUsernameAndInvalidPassword" finished-at="2022-06-23T20:06:46Z" duration-ms="1691" status="PASS">
          <reporter-output>
          </reporter-output>
        </test-method> <!-- testLoginValidUsernameAndInvalidPassword -->
        <test-method is-config="true" signature="tearDown()[pri:0, instance:sircloproject.qa2022.WebTestAfterPOM@590c73d3]" started-at="2022-06-23T20:06:46Z" name="tearDown" finished-at="2022-06-23T20:06:46Z" duration-ms="212" status="PASS">
          <reporter-output>
          </reporter-output>
        </test-method> <!-- tearDown -->
      </class> <!-- sircloproject.qa2022.WebTestAfterPOM -->
    </test> <!-- Default test -->
  </suite> <!-- Default suite -->
</testng-results>
