<?xml version="1.0" encoding="UTF-8"?>
<testng-results ignored="0" total="7" passed="7" failed="0" skipped="0">
  <reporter-output>
  </reporter-output>
  <suite started-at="2022-06-23T21:23:28Z" name="Default suite" finished-at="2022-06-23T21:23:44Z" duration-ms="16361">
    <groups>
    </groups>
    <test started-at="2022-06-23T21:23:28Z" name="Default test" finished-at="2022-06-23T21:23:44Z" duration-ms="16361">
      <class name="sircloproject.qa2022.WebTestAfterPOM">
        <test-method is-config="true" signature="setUp()[pri:0, instance:sircloproject.qa2022.WebTestAfterPOM@66ce957f]" started-at="2022-06-23T21:23:28Z" name="setUp" finished-at="2022-06-23T21:23:29Z" duration-ms="1670" status="PASS">
          <reporter-output>
          </reporter-output>
        </test-method> <!-- setUp -->
        <test-method signature="testData()[pri:0, instance:sircloproject.qa2022.WebTestAfterPOM@66ce957f]" started-at="2022-06-23T21:23:30Z" name="testData" finished-at="2022-06-23T21:23:31Z" duration-ms="1331" status="PASS">
          <reporter-output>
          </reporter-output>
        </test-method> <!-- testData -->
        <test-method is-config="true" signature="tearDown()[pri:0, instance:sircloproject.qa2022.WebTestAfterPOM@66ce957f]" started-at="2022-06-23T21:23:31Z" name="tearDown" finished-at="2022-06-23T21:23:31Z" duration-ms="111" status="PASS">
          <reporter-output>
          </reporter-output>
        </test-method> <!-- tearDown -->
        <test-method is-config="true" signature="setUp()[pri:0, instance:sircloproject.qa2022.WebTestAfterPOM@66ce957f]" started-at="2022-06-23T21:23:31Z" name="setUp" finished-at="2022-06-23T21:23:32Z" duration-ms="1113" status="PASS">
          <reporter-output>
          </reporter-output>
        </test-method> <!-- setUp -->
        <test-method signature="testFilter()[pri:0, instance:sircloproject.qa2022.WebTestAfterPOM@66ce957f]" started-at="2022-06-23T21:23:32Z" name="testFilter" finished-at="2022-06-23T21:23:33Z" duration-ms="1401" status="PASS">
          <reporter-output>
          </reporter-output>
        </test-method> <!-- testFilter -->
        <test-method is-config="true" signature="tearDown()[pri:0, instance:sircloproject.qa2022.WebTestAfterPOM@66ce957f]" started-at="2022-06-23T21:23:33Z" name="tearDown" finished-at="2022-06-23T21:23:34Z" duration-ms="102" status="PASS">
          <reporter-output>
          </reporter-output>
        </test-method> <!-- tearDown -->
        <test-method is-config="true" signature="setUp()[pri:0, instance:sircloproject.qa2022.WebTestAfterPOM@66ce957f]" started-at="2022-06-23T21:23:34Z" name="setUp" finished-at="2022-06-23T21:23:35Z" duration-ms="1030" status="PASS">
          <reporter-output>
          </reporter-output>
        </test-method> <!-- setUp -->
        <test-method signature="testLogOut()[pri:0, instance:sircloproject.qa2022.WebTestAfterPOM@66ce957f]" started-at="2022-06-23T21:23:35Z" name="testLogOut" finished-at="2022-06-23T21:23:36Z" duration-ms="1603" status="PASS">
          <reporter-output>
          </reporter-output>
        </test-method> <!-- testLogOut -->
        <test-method is-config="true" signature="tearDown()[pri:0, instance:sircloproject.qa2022.WebTestAfterPOM@66ce957f]" started-at="2022-06-23T21:23:36Z" name="tearDown" finished-at="2022-06-23T21:23:36Z" duration-ms="130" status="PASS">
          <reporter-output>
          </reporter-output>
        </test-method> <!-- tearDown -->
        <test-method is-config="true" signature="setUp()[pri:0, instance:sircloproject.qa2022.WebTestAfterPOM@66ce957f]" started-at="2022-06-23T21:23:36Z" name="setUp" finished-at="2022-06-23T21:23:37Z" duration-ms="981" status="PASS">
          <reporter-output>
          </reporter-output>
        </test-method> <!-- setUp -->
        <test-method signature="testLogin()[pri:0, instance:sircloproject.qa2022.WebTestAfterPOM@66ce957f]" started-at="2022-06-23T21:23:37Z" name="testLogin" finished-at="2022-06-23T21:23:38Z" duration-ms="945" status="PASS">
          <reporter-output>
          </reporter-output>
        </test-method> <!-- testLogin -->
        <test-method is-config="true" signature="tearDown()[pri:0, instance:sircloproject.qa2022.WebTestAfterPOM@66ce957f]" started-at="2022-06-23T21:23:38Z" name="tearDown" finished-at="2022-06-23T21:23:38Z" duration-ms="109" status="PASS">
          <reporter-output>
          </reporter-output>
        </test-method> <!-- tearDown -->
        <test-method is-config="true" signature="setUp()[pri:0, instance:sircloproject.qa2022.WebTestAfterPOM@66ce957f]" started-at="2022-06-23T21:23:38Z" name="setUp" finished-at="2022-06-23T21:23:39Z" duration-ms="903" status="PASS">
          <reporter-output>
          </reporter-output>
        </test-method> <!-- setUp -->
        <test-method signature="testLoginInvalidUsernameAndInvalidPassword()[pri:0, instance:sircloproject.qa2022.WebTestAfterPOM@66ce957f]" started-at="2022-06-23T21:23:39Z" name="testLoginInvalidUsernameAndInvalidPassword" finished-at="2022-06-23T21:23:40Z" duration-ms="989" status="PASS">
          <reporter-output>
          </reporter-output>
        </test-method> <!-- testLoginInvalidUsernameAndInvalidPassword -->
        <test-method is-config="true" signature="tearDown()[pri:0, instance:sircloproject.qa2022.WebTestAfterPOM@66ce957f]" started-at="2022-06-23T21:23:40Z" name="tearDown" finished-at="2022-06-23T21:23:40Z" duration-ms="166" status="PASS">
          <reporter-output>
          </reporter-output>
        </test-method> <!-- tearDown -->
        <test-method is-config="true" signature="setUp()[pri:0, instance:sircloproject.qa2022.WebTestAfterPOM@66ce957f]" started-at="2022-06-23T21:23:40Z" name="setUp" finished-at="2022-06-23T21:23:41Z" duration-ms="826" status="PASS">
          <reporter-output>
          </reporter-output>
        </test-method> <!-- setUp -->
        <test-method signature="testLoginInvalidUsernameAndValidPassword()[pri:0, instance:sircloproject.qa2022.WebTestAfterPOM@66ce957f]" started-at="2022-06-23T21:23:41Z" name="testLoginInvalidUsernameAndValidPassword" finished-at="2022-06-23T21:23:42Z" duration-ms="913" status="PASS">
          <reporter-output>
          </reporter-output>
        </test-method> <!-- testLoginInvalidUsernameAndValidPassword -->
        <test-method is-config="true" signature="tearDown()[pri:0, instance:sircloproject.qa2022.WebTestAfterPOM@66ce957f]" started-at="2022-06-23T21:23:42Z" name="tearDown" finished-at="2022-06-23T21:23:42Z" duration-ms="97" status="PASS">
          <reporter-output>
          </reporter-output>
        </test-method> <!-- tearDown -->
        <test-method is-config="true" signature="setUp()[pri:0, instance:sircloproject.qa2022.WebTestAfterPOM@66ce957f]" started-at="2022-06-23T21:23:42Z" name="setUp" finished-at="2022-06-23T21:23:43Z" duration-ms="868" status="PASS">
          <reporter-output>
          </reporter-output>
        </test-method> <!-- setUp -->
        <test-method signature="testLoginValidUsernameAndInvalidPassword()[pri:0, instance:sircloproject.qa2022.WebTestAfterPOM@66ce957f]" started-at="2022-06-23T21:23:43Z" name="testLoginValidUsernameAndInvalidPassword" finished-at="2022-06-23T21:23:44Z" duration-ms="816" status="PASS">
          <reporter-output>
          </reporter-output>
        </test-method> <!-- testLoginValidUsernameAndInvalidPassword -->
        <test-method is-config="true" signature="tearDown()[pri:0, instance:sircloproject.qa2022.WebTestAfterPOM@66ce957f]" started-at="2022-06-23T21:23:44Z" name="tearDown" finished-at="2022-06-23T21:23:44Z" duration-ms="123" status="PASS">
          <reporter-output>
          </reporter-output>
        </test-method> <!-- tearDown -->
      </class> <!-- sircloproject.qa2022.WebTestAfterPOM -->
    </test> <!-- Default test -->
  </suite> <!-- Default suite -->
</testng-results>
